Using pre-set license
Built from '2021.2/staging' branch; Version is '2021.2.7f1 (6bd9e232123f) revision 7068130'; Using compiler version '192829333'; Build Type 'Release'
OS: 'Windows 10  (10.0.19044) 64bit Professional' Language: 'en' Physical Memory: 8087 MB
BatchMode: 1, IsHumanControllingUs: 0, StartBugReporterOnCrash: 0, Is64bit: 1, IsPro: 0

COMMAND LINE ARGUMENTS:
D:\2021.2.7f1\Editor\Unity.exe
-adb2
-batchMode
-noUpm
-name
AssetImportWorker0
-projectPath
D:/Proyecto Juego/JuegoIngles
-logFile
Logs/AssetImportWorker0.log
-srvPort
21293
Successfully changed project path to: D:/Proyecto Juego/JuegoIngles
D:/Proyecto Juego/JuegoIngles
[UnityMemory] Configuration Parameters - Can be set up in boot.config
    "memorysetup-bucket-allocator-granularity=16"
    "memorysetup-bucket-allocator-bucket-count=8"
    "memorysetup-bucket-allocator-block-size=33554432"
    "memorysetup-bucket-allocator-block-count=8"
    "memorysetup-main-allocator-block-size=16777216"
    "memorysetup-thread-allocator-block-size=16777216"
    "memorysetup-gfx-main-allocator-block-size=16777216"
    "memorysetup-gfx-thread-allocator-block-size=16777216"
    "memorysetup-cache-allocator-block-size=4194304"
    "memorysetup-typetree-allocator-block-size=2097152"
    "memorysetup-profiler-bucket-allocator-granularity=16"
    "memorysetup-profiler-bucket-allocator-bucket-count=8"
    "memorysetup-profiler-bucket-allocator-block-size=33554432"
    "memorysetup-profiler-bucket-allocator-block-count=8"
    "memorysetup-profiler-allocator-block-size=16777216"
    "memorysetup-profiler-editor-allocator-block-size=1048576"
    "memorysetup-temp-allocator-size-main=16777216"
    "memorysetup-job-temp-allocator-block-size=2097152"
    "memorysetup-job-temp-allocator-block-size-background=1048576"
    "memorysetup-job-temp-allocator-reduction-small-platforms=262144"
    "memorysetup-temp-allocator-size-background-worker=32768"
    "memorysetup-temp-allocator-size-job-worker=262144"
    "memorysetup-temp-allocator-size-preload-manager=33554432"
    "memorysetup-temp-allocator-size-nav-mesh-worker=65536"
    "memorysetup-temp-allocator-size-audio-worker=65536"
    "memorysetup-temp-allocator-size-cloud-worker=32768"
    "memorysetup-temp-allocator-size-gi-baking-worker=262144"
    "memorysetup-temp-allocator-size-gfx=262144"
Refreshing native plugins compatible for Editor in 319.19 ms, found 4 plugins.
Preloading 0 native plugins for Editor in 0.00 ms.
Initialize engine version: 2021.2.7f1 (6bd9e232123f)
[Subsystems] Discovering subsystems at path D:/2021.2.7f1/Editor/Data/Resources/UnitySubsystems
[Subsystems] Discovering subsystems at path D:/Proyecto Juego/JuegoIngles/Assets
GfxDevice: creating device client; threaded=0; jobified=0
Direct3D:
    Version:  Direct3D 11.0 [level 11.0]
    Renderer: NVIDIA GeForce 930M (ID=0x1346)
    Vendor:   NVIDIA
    VRAM:     2010 MB
    Driver:   30.0.14.9709
Initialize mono
Mono path[0] = 'D:/2021.2.7f1/Editor/Data/Managed'
Mono path[1] = 'D:/2021.2.7f1/Editor/Data/MonoBleedingEdge/lib/mono/unityjit-win32'
Mono config path = 'D:/2021.2.7f1/Editor/Data/MonoBleedingEdge/etc'
Using monoOptions --debugger-agent=transport=dt_socket,embedding=1,server=y,suspend=n,address=127.0.0.1:56596
Begin MonoManager ReloadAssembly
Registering precompiled unity dll's ...
Register platform support module: D:/2021.2.7f1/Editor/Data/PlaybackEngines/WindowsStandaloneSupport/UnityEditor.WindowsStandalone.Extensions.dll
Registered in 0.007923 seconds.
Native extension for WindowsStandalone target not found
Refreshing native plugins compatible for Editor in 242.06 ms, found 4 plugins.
Preloading 0 native plugins for Editor in 0.00 ms.
Mono: successfully reloaded assembly
- Completed reload, in  1.689 seconds
Domain Reload Profiling:
	ReloadAssembly (1690ms)
		BeginReloadAssembly (187ms)
			ExecutionOrderSort (0ms)
			DisableScriptedObjects (0ms)
			BackupInstance (0ms)
			ReleaseScriptingObjects (0ms)
			CreateAndSetChildDomain (1ms)
		EndReloadAssembly (1303ms)
			LoadAssemblies (185ms)
			RebuildTransferFunctionScriptingTraits (0ms)
			SetupTypeCache (299ms)
			ReleaseScriptCaches (0ms)
			RebuildScriptCaches (74ms)
			SetupLoadedEditorAssemblies (808ms)
				LogAssemblyErrors (0ms)
				InitializePlatformSupportModulesInManaged (40ms)
				SetLoadedEditorAssemblies (0ms)
				RefreshPlugins (242ms)
				BeforeProcessingInitializeOnLoad (2ms)
				ProcessInitializeOnLoadAttributes (408ms)
				ProcessInitializeOnLoadMethodAttributes (115ms)
				AfterProcessingInitializeOnLoad (0ms)
				EditorAssembliesLoaded (1ms)
			ExecutionOrderSort2 (0ms)
			AwakeInstancesAfterBackupRestoration (0ms)
Platform modules already initialized, skipping
Registering precompiled user dll's ...
Registered in 0.015410 seconds.
Begin MonoManager ReloadAssembly
Symbol file LoadedFromMemory doesn't match image D:\Proyecto Juego\JuegoIngles\Library\PackageCache\com.unity.visualscripting@1.7.6\Editor\VisualScripting.Core\Dependencies\YamlDotNet\Unity.VisualScripting.YamlDotNet.dll
Symbol file LoadedFromMemory doesn't match image D:\Proyecto Juego\JuegoIngles\Library\PackageCache\com.unity.visualscripting@1.7.6\Editor\VisualScripting.Core\Dependencies\DotNetZip\Unity.VisualScripting.IonicZip.dll
Native extension for WindowsStandalone target not found
Refreshing native plugins compatible for Editor in 235.30 ms, found 4 plugins.
Preloading 0 native plugins for Editor in 0.00 ms.
Mono: successfully reloaded assembly
- Completed reload, in  4.009 seconds
Domain Reload Profiling:
	ReloadAssembly (4012ms)
		BeginReloadAssembly (277ms)
			ExecutionOrderSort (0ms)
			DisableScriptedObjects (19ms)
			BackupInstance (0ms)
			ReleaseScriptingObjects (0ms)
			CreateAndSetChildDomain (58ms)
		EndReloadAssembly (3468ms)
			LoadAssemblies (167ms)
			RebuildTransferFunctionScriptingTraits (0ms)
			SetupTypeCache (608ms)
			ReleaseScriptCaches (3ms)
			RebuildScriptCaches (145ms)
			SetupLoadedEditorAssemblies (2352ms)
				LogAssemblyErrors (0ms)
				InitializePlatformSupportModulesInManaged (27ms)
				SetLoadedEditorAssemblies (1ms)
				RefreshPlugins (235ms)
				BeforeProcessingInitializeOnLoad (212ms)
				ProcessInitializeOnLoadAttributes (1768ms)
				ProcessInitializeOnLoadMethodAttributes (93ms)
				AfterProcessingInitializeOnLoad (16ms)
				EditorAssembliesLoaded (0ms)
			ExecutionOrderSort2 (0ms)
			AwakeInstancesAfterBackupRestoration (73ms)
Platform modules already initialized, skipping
========================================================================
Worker process is ready to serve import requests
Launched and connected shader compiler UnityShaderCompiler.exe after 0.50 seconds
Refreshing native plugins compatible for Editor in 1.06 ms, found 4 plugins.
Preloading 0 native plugins for Editor in 0.00 ms.
Unloading 3964 Unused Serialized files (Serialized files now loaded: 0)
Unloading 43 unused Assets / (226.0 KB). Loaded Objects now: 4415.
Memory consumption went from 150.9 MB to 150.7 MB.
Total: 6.273500 ms (FindLiveObjects: 0.586600 ms CreateObjectMapping: 0.526400 ms MarkObjects: 4.928900 ms  DeleteObjects: 0.230000 ms)

AssetImportParameters requested are different than current active one (requested -> active):
  custom:video-decoder-ogg-theora: a1e56fd34408186e4bbccfd4996cb3dc -> 
  custom:container-muxer-webm: aa71ff27fc2769a1b78a27578f13a17b -> 
  custom:container-demuxer-webm: 4f35f7cbe854078d1ac9338744f61a02 -> 
  custom:video-encoder-webm-vp8: eb34c28f22e8b96e1ab97ce403110664 -> 
  custom:audio-encoder-webm-vorbis: bf7c407c2cedff20999df2af8eb42d56 -> 
  custom:framework-win-MediaFoundation: 216162199b28c13a410421893ffa2e32 -> 
  custom:container-demuxer-ogg: 62fdf1f143b41e24485cea50d1cbac27 -> 
  custom:video-decoder-webm-vp8: 9c59270c3fd7afecdb556c50c9e8de78 -> 
  custom:audio-decoder-ogg-vorbis: bf7c407c2cedff20999df2af8eb42d56 -> 
========================================================================
Received Import Request.
  Time since last request: 360329.976664 seconds.
  path: Assets/Pixel Adventure 1/Assets/Items/Checkpoints
  artifactKey: Guid(579c5569f698b454d8f2bf35433059ea) Importer(815301076,1909f56bfc062723c751e8b465ee728b)
Start importing Assets/Pixel Adventure 1/Assets/Items/Checkpoints using Guid(579c5569f698b454d8f2bf35433059ea) Importer(815301076,1909f56bfc062723c751e8b465ee728b)  -> (artifact id: '0762138daf7456f889858a4f83e2a87e') in 0.062910 seconds 
========================================================================
Received Import Request.
  Time since last request: 0.000037 seconds.
  path: Assets/Pixel Adventure 1/Assets/Items/Checkpoints/End
  artifactKey: Guid(6992f1c59d329a545aafe0c44bb73a41) Importer(815301076,1909f56bfc062723c751e8b465ee728b)
Start importing Assets/Pixel Adventure 1/Assets/Items/Checkpoints/End using Guid(6992f1c59d329a545aafe0c44bb73a41) Importer(815301076,1909f56bfc062723c751e8b465ee728b)  -> (artifact id: '840cb28b87fa8ff35cf1adb372b5f441') in 0.018343 seconds 
========================================================================
Received Import Request.
  Time since last request: 23.675969 seconds.
  path: Assets/Pixel Adventure 1/Palette/Terrain (16x16)_9.asset
  artifactKey: Guid(bd8005edd8e769b46899667184722035) Importer(815301076,1909f56bfc062723c751e8b465ee728b)
Start importing Assets/Pixel Adventure 1/Palette/Terrain (16x16)_9.asset using Guid(bd8005edd8e769b46899667184722035) Importer(815301076,1909f56bfc062723c751e8b465ee728b)  -> (artifact id: 'b48501006ca631e796ea6c6a62ba2267') in 0.902261 seconds 
========================================================================
Received Import Request.
  Time since last request: 0.000034 seconds.
  path: Assets/Pixel Adventure 1/Palette/Terrain (16x16)_14.asset
  artifactKey: Guid(d53722708f5b7f245a2b8058d9d8e98c) Importer(815301076,1909f56bfc062723c751e8b465ee728b)
Start importing Assets/Pixel Adventure 1/Palette/Terrain (16x16)_14.asset using Guid(d53722708f5b7f245a2b8058d9d8e98c) Importer(815301076,1909f56bfc062723c751e8b465ee728b)  -> (artifact id: '895b65445beff3c1d3027c3dbd25f0a9') in 0.052859 seconds 
========================================================================
Received Import Request.
  Time since last request: 0.000049 seconds.
  path: Assets/Pixel Adventure 1/Palette/Terrain (16x16)_15.asset
  artifactKey: Guid(fa7d0ea97e2b3f14f9edb284d4bbafaa) Importer(815301076,1909f56bfc062723c751e8b465ee728b)
Start importing Assets/Pixel Adventure 1/Palette/Terrain (16x16)_15.asset using Guid(fa7d0ea97e2b3f14f9edb284d4bbafaa) Importer(815301076,1909f56bfc062723c751e8b465ee728b)  -> (artifact id: '7aa9980b3164d10853ba4faade402f62') in 0.052297 seconds 
========================================================================
Received Import Request.
  Time since last request: 0.000029 seconds.
  path: Assets/Pixel Adventure 1/Palette/Terrain (16x16)_10.asset
  artifactKey: Guid(1d8cdde07d71b624f9a2ecd554e483db) Importer(815301076,1909f56bfc062723c751e8b465ee728b)
Start importing Assets/Pixel Adventure 1/Palette/Terrain (16x16)_10.asset using Guid(1d8cdde07d71b624f9a2ecd554e483db) Importer(815301076,1909f56bfc062723c751e8b465ee728b)  -> (artifact id: 'b452a8837722c2c4fc3199a2a68baa64') in 0.036323 seconds 
========================================================================
Received Import Request.
  Time since last request: 0.000083 seconds.
  path: Assets/Pixel Adventure 1/Palette/Terrain (16x16)_11.asset
  artifactKey: Guid(7992c0dfb0099e74fa5a2d4ad69e31e4) Importer(815301076,1909f56bfc062723c751e8b465ee728b)
Start importing Assets/Pixel Adventure 1/Palette/Terrain (16x16)_11.asset using Guid(7992c0dfb0099e74fa5a2d4ad69e31e4) Importer(815301076,1909f56bfc062723c751e8b465ee728b)  -> (artifact id: 'dca6743352b1eaa161780ae9d529a855') in 0.032813 seconds 
========================================================================
Received Import Request.
  Time since last request: 0.000029 seconds.
  path: Assets/Pixel Adventure 1/Palette/Terrain (16x16)_16.asset
  artifactKey: Guid(0994f3d135f8d324fafbb65f0c8c7d07) Importer(815301076,1909f56bfc062723c751e8b465ee728b)
Start importing Assets/Pixel Adventure 1/Palette/Terrain (16x16)_16.asset using Guid(0994f3d135f8d324fafbb65f0c8c7d07) Importer(815301076,1909f56bfc062723c751e8b465ee728b)  -> (artifact id: '595a0c12feb1b888503b7b72348f7ce1') in 0.029140 seconds 
========================================================================
Received Import Request.
  Time since last request: 0.000635 seconds.
  path: Assets/Pixel Adventure 1/Palette/Terrain (16x16)_12.asset
  artifactKey: Guid(ed84b9f22cbdfac4cbd6da790250f12e) Importer(815301076,1909f56bfc062723c751e8b465ee728b)
Start importing Assets/Pixel Adventure 1/Palette/Terrain (16x16)_12.asset using Guid(ed84b9f22cbdfac4cbd6da790250f12e) Importer(815301076,1909f56bfc062723c751e8b465ee728b)  -> (artifact id: '27a18ed29239bdd622f9711690f6f94a') in 0.038856 seconds 
========================================================================
Received Import Request.
  Time since last request: 0.000055 seconds.
  path: Assets/Pixel Adventure 1/Palette/Terrain (16x16)_13.asset
  artifactKey: Guid(eeddf3ae938c26843860e6a285b0935f) Importer(815301076,1909f56bfc062723c751e8b465ee728b)
Start importing Assets/Pixel Adventure 1/Palette/Terrain (16x16)_13.asset using Guid(eeddf3ae938c26843860e6a285b0935f) Importer(815301076,1909f56bfc062723c751e8b465ee728b)  -> (artifact id: '1401548e95e6c361cf8d5813f9dddf2b') in 0.055417 seconds 
========================================================================
Received Import Request.
  Time since last request: 0.775581 seconds.
  path: Assets/Pixel Adventure 1/Palette/Terrain (16x16)_0.asset
  artifactKey: Guid(5489c916fc81ca448aab447bdf118330) Importer(815301076,1909f56bfc062723c751e8b465ee728b)
Start importing Assets/Pixel Adventure 1/Palette/Terrain (16x16)_0.asset using Guid(5489c916fc81ca448aab447bdf118330) Importer(815301076,1909f56bfc062723c751e8b465ee728b)  -> (artifact id: 'b3ebb7f0a2cb3933e70346ada2fb9e28') in 0.098831 seconds 
========================================================================
Received Import Request.
  Time since last request: 0.891991 seconds.
  path: Assets/Pixel Adventure 1/Palette/Terrain (16x16)_17.asset
  artifactKey: Guid(9818c552c5d60124cb0395293e75bae4) Importer(815301076,1909f56bfc062723c751e8b465ee728b)
Start importing Assets/Pixel Adventure 1/Palette/Terrain (16x16)_17.asset using Guid(9818c552c5d60124cb0395293e75bae4) Importer(815301076,1909f56bfc062723c751e8b465ee728b)  -> (artifact id: '40c7db7ac1a338722457f6e800b51497') in 0.079876 seconds 
========================================================================
Received Import Request.
  Time since last request: 0.000033 seconds.
  path: Assets/Pixel Adventure 1/Palette/Terrain (16x16)_19.asset
  artifactKey: Guid(0be5692630a8e3a41b781e6d1827315d) Importer(815301076,1909f56bfc062723c751e8b465ee728b)
Start importing Assets/Pixel Adventure 1/Palette/Terrain (16x16)_19.asset using Guid(0be5692630a8e3a41b781e6d1827315d) Importer(815301076,1909f56bfc062723c751e8b465ee728b)  -> (artifact id: '273e68049c420bb7b86bdaf3ebc902a9') in 0.050798 seconds 
========================================================================
Received Import Request.
  Time since last request: 0.000128 seconds.
  path: Assets/Pixel Adventure 1/Palette/Terrain (16x16)_18.asset
  artifactKey: Guid(dc1de615c92547e48881198f91c1d480) Importer(815301076,1909f56bfc062723c751e8b465ee728b)
Start importing Assets/Pixel Adventure 1/Palette/Terrain (16x16)_18.asset using Guid(dc1de615c92547e48881198f91c1d480) Importer(815301076,1909f56bfc062723c751e8b465ee728b)  -> (artifact id: '2b214f74399a66722c71dffc1301054d') in 0.058719 seconds 
========================================================================
Received Import Request.
  Time since last request: 0.000269 seconds.
  path: Assets/Pixel Adventure 1/Palette/Terrain (16x16)_20.asset
  artifactKey: Guid(4e6734ae871f0c84eaf6e96e964e51d9) Importer(815301076,1909f56bfc062723c751e8b465ee728b)
Start importing Assets/Pixel Adventure 1/Palette/Terrain (16x16)_20.asset using Guid(4e6734ae871f0c84eaf6e96e964e51d9) Importer(815301076,1909f56bfc062723c751e8b465ee728b)  -> (artifact id: 'd4551bf2f893b383ca6a89b0e535f7e2') in 0.047697 seconds 
========================================================================
Received Import Request.
  Time since last request: 0.127991 seconds.
  path: Assets/Pixel Adventure 1/Palette/Terrain (16x16)_21.asset
  artifactKey: Guid(a20876ac469802349b229b2b5c58944e) Importer(815301076,1909f56bfc062723c751e8b465ee728b)
Start importing Assets/Pixel Adventure 1/Palette/Terrain (16x16)_21.asset using Guid(a20876ac469802349b229b2b5c58944e) Importer(815301076,1909f56bfc062723c751e8b465ee728b)  -> (artifact id: '8b9003f470989089d7ae8d9dbcbb0abd') in 0.027237 seconds 
========================================================================
Received Import Request.
  Time since last request: 0.000035 seconds.
  path: Assets/Pixel Adventure 1/Palette/Terrain (16x16)_22.asset
  artifactKey: Guid(bd44bd6507652794a98e87f85a62b240) Importer(815301076,1909f56bfc062723c751e8b465ee728b)
Start importing Assets/Pixel Adventure 1/Palette/Terrain (16x16)_22.asset using Guid(bd44bd6507652794a98e87f85a62b240) Importer(815301076,1909f56bfc062723c751e8b465ee728b)  -> (artifact id: '78de14c95284ad1d0c4307c8bad2bbd6') in 0.063955 seconds 
========================================================================
Received Import Request.
  Time since last request: 0.000038 seconds.
  path: Assets/Pixel Adventure 1/Palette/Terrain (16x16)_26.asset
  artifactKey: Guid(6815b7b5721ceef4d9fce0d2038da327) Importer(815301076,1909f56bfc062723c751e8b465ee728b)
Start importing Assets/Pixel Adventure 1/Palette/Terrain (16x16)_26.asset using Guid(6815b7b5721ceef4d9fce0d2038da327) Importer(815301076,1909f56bfc062723c751e8b465ee728b)  -> (artifact id: 'fb4e748e0340064ff4d2806ffa2ac2df') in 0.050855 seconds 
========================================================================
Received Import Request.
  Time since last request: 0.000050 seconds.
  path: Assets/Pixel Adventure 1/Palette/Terrain (16x16)_25.asset
  artifactKey: Guid(a53146410a5ca63478a2c1eab9c039a3) Importer(815301076,1909f56bfc062723c751e8b465ee728b)
Start importing Assets/Pixel Adventure 1/Palette/Terrain (16x16)_25.asset using Guid(a53146410a5ca63478a2c1eab9c039a3) Importer(815301076,1909f56bfc062723c751e8b465ee728b)  -> (artifact id: '9b57b556ea8229a569441cb87831286f') in 0.037469 seconds 
========================================================================
Received Import Request.
  Time since last request: 0.000037 seconds.
  path: Assets/Pixel Adventure 1/Palette/Terrain (16x16)_28.asset
  artifactKey: Guid(1c7effb7997f3b84886271b0f4d6613f) Importer(815301076,1909f56bfc062723c751e8b465ee728b)
Start importing Assets/Pixel Adventure 1/Palette/Terrain (16x16)_28.asset using Guid(1c7effb7997f3b84886271b0f4d6613f) Importer(815301076,1909f56bfc062723c751e8b465ee728b)  -> (artifact id: 'cda4b3dd48c93fdfcdcaf3dcdff8e030') in 0.040548 seconds 
========================================================================
Received Import Request.
  Time since last request: 0.000188 seconds.
  path: Assets/Pixel Adventure 1/Palette/Terrain (16x16)_23.asset
  artifactKey: Guid(37bf2894b8640b94e8d7aaaf9af2ef8c) Importer(815301076,1909f56bfc062723c751e8b465ee728b)
Start importing Assets/Pixel Adventure 1/Palette/Terrain (16x16)_23.asset using Guid(37bf2894b8640b94e8d7aaaf9af2ef8c) Importer(815301076,1909f56bfc062723c751e8b465ee728b)  -> (artifact id: '3f42a0cf8ffe94924441915e2921170e') in 0.037275 seconds 
========================================================================
Received Import Request.
  Time since last request: 0.001178 seconds.
  path: Assets/Pixel Adventure 1/Palette/Terrain (16x16)_27.asset
  artifactKey: Guid(e654d5162beb8bc4297e213a98fc1b0c) Importer(815301076,1909f56bfc062723c751e8b465ee728b)
Start importing Assets/Pixel Adventure 1/Palette/Terrain (16x16)_27.asset using Guid(e654d5162beb8bc4297e213a98fc1b0c) Importer(815301076,1909f56bfc062723c751e8b465ee728b)  -> (artifact id: '76a4fe6eaddfefb36c1a0531034a9d1e') in 0.051133 seconds 
========================================================================
Received Import Request.
  Time since last request: 0.000038 seconds.
  path: Assets/Pixel Adventure 1/Palette/Terrain (16x16)_34.asset
  artifactKey: Guid(f673c1a09c83fed46a420ea47b1766ff) Importer(815301076,1909f56bfc062723c751e8b465ee728b)
Start importing Assets/Pixel Adventure 1/Palette/Terrain (16x16)_34.asset using Guid(f673c1a09c83fed46a420ea47b1766ff) Importer(815301076,1909f56bfc062723c751e8b465ee728b)  -> (artifact id: 'cefa3cd1c265d1479ea34efd10d27b2f') in 0.052135 seconds 
========================================================================
Received Import Request.
  Time since last request: 0.000256 seconds.
  path: Assets/Pixel Adventure 1/Palette/Terrain (16x16)_38.asset
  artifactKey: Guid(24ed5027ce0f8c347915c1edbb9d4b62) Importer(815301076,1909f56bfc062723c751e8b465ee728b)
Start importing Assets/Pixel Adventure 1/Palette/Terrain (16x16)_38.asset using Guid(24ed5027ce0f8c347915c1edbb9d4b62) Importer(815301076,1909f56bfc062723c751e8b465ee728b)  -> (artifact id: 'a9c8c05d367e76dcac38fd4c76c3a1d5') in 0.034546 seconds 
========================================================================
Received Import Request.
  Time since last request: 0.000038 seconds.
  path: Assets/Pixel Adventure 1/Palette/Terrain (16x16)_30.asset
  artifactKey: Guid(77f34174486995540ac1265c6d573337) Importer(815301076,1909f56bfc062723c751e8b465ee728b)
Start importing Assets/Pixel Adventure 1/Palette/Terrain (16x16)_30.asset using Guid(77f34174486995540ac1265c6d573337) Importer(815301076,1909f56bfc062723c751e8b465ee728b)  -> (artifact id: '953a101c84f1cb28de1db67005f361a1') in 0.092249 seconds 
========================================================================
Received Import Request.
  Time since last request: 0.001955 seconds.
  path: Assets/Pixel Adventure 1/Palette/Terrain (16x16)_31.asset
  artifactKey: Guid(2ab3dd69fe8fc344c86568077e0450ae) Importer(815301076,1909f56bfc062723c751e8b465ee728b)
Start importing Assets/Pixel Adventure 1/Palette/Terrain (16x16)_31.asset using Guid(2ab3dd69fe8fc344c86568077e0450ae) Importer(815301076,1909f56bfc062723c751e8b465ee728b)  -> (artifact id: 'e3b2e9ece812c18eab0a77f69162b864') in 0.050367 seconds 
========================================================================
Received Import Request.
  Time since last request: 0.030737 seconds.
  path: Assets/Pixel Adventure 1/Palette/Terrain (16x16)_39.asset
  artifactKey: Guid(9aa6b2583d9213e4299675a117dd39f8) Importer(815301076,1909f56bfc062723c751e8b465ee728b)
Start importing Assets/Pixel Adventure 1/Palette/Terrain (16x16)_39.asset using Guid(9aa6b2583d9213e4299675a117dd39f8) Importer(815301076,1909f56bfc062723c751e8b465ee728b)  -> (artifact id: '757674928ba68db0851b107ddfc8191e') in 0.090445 seconds 
========================================================================
Received Import Request.
  Time since last request: 0.000033 seconds.
  path: Assets/Pixel Adventure 1/Palette/Terrain (16x16)_46.asset
  artifactKey: Guid(a2e6ab50d82ff7a45a0247fa566c3dd6) Importer(815301076,1909f56bfc062723c751e8b465ee728b)
Start importing Assets/Pixel Adventure 1/Palette/Terrain (16x16)_46.asset using Guid(a2e6ab50d82ff7a45a0247fa566c3dd6) Importer(815301076,1909f56bfc062723c751e8b465ee728b)  -> (artifact id: '82a338d63ade566f8fe627ca6d041c4a') in 0.078750 seconds 
========================================================================
Received Import Request.
  Time since last request: 0.000046 seconds.
  path: Assets/Pixel Adventure 1/Palette/Terrain (16x16)_43.asset
  artifactKey: Guid(21e8856628486ee4f94ffa865b7556b1) Importer(815301076,1909f56bfc062723c751e8b465ee728b)
Start importing Assets/Pixel Adventure 1/Palette/Terrain (16x16)_43.asset using Guid(21e8856628486ee4f94ffa865b7556b1) Importer(815301076,1909f56bfc062723c751e8b465ee728b)  -> (artifact id: '6fbfbdf8d1c82b225e41cda5bc62bc55') in 0.122917 seconds 
========================================================================
Received Import Request.
  Time since last request: 0.000046 seconds.
  path: Assets/Pixel Adventure 1/Palette/Terrain (16x16)_40.asset
  artifactKey: Guid(93830958f973aef45bba100219259364) Importer(815301076,1909f56bfc062723c751e8b465ee728b)
Start importing Assets/Pixel Adventure 1/Palette/Terrain (16x16)_40.asset using Guid(93830958f973aef45bba100219259364) Importer(815301076,1909f56bfc062723c751e8b465ee728b)  -> (artifact id: 'd4ed07c43f0454dd941b90ab0f3b8286') in 0.123696 seconds 
========================================================================
Received Import Request.
  Time since last request: 0.000028 seconds.
  path: Assets/Pixel Adventure 1/Palette/Terrain (16x16)_41.asset
  artifactKey: Guid(bd60f080710bccf40ae4176e38ce2f8e) Importer(815301076,1909f56bfc062723c751e8b465ee728b)
Start importing Assets/Pixel Adventure 1/Palette/Terrain (16x16)_41.asset using Guid(bd60f080710bccf40ae4176e38ce2f8e) Importer(815301076,1909f56bfc062723c751e8b465ee728b)  -> (artifact id: '2992e9da693e2aef1874915e880f4ea6') in 0.053847 seconds 
========================================================================
Received Import Request.
  Time since last request: 0.000036 seconds.
  path: Assets/Pixel Adventure 1/Palette/Terrain (16x16)_45.asset
  artifactKey: Guid(7d155e6b73c322c4ca0afefd0d6f2567) Importer(815301076,1909f56bfc062723c751e8b465ee728b)
Start importing Assets/Pixel Adventure 1/Palette/Terrain (16x16)_45.asset using Guid(7d155e6b73c322c4ca0afefd0d6f2567) Importer(815301076,1909f56bfc062723c751e8b465ee728b)  -> (artifact id: '5d55a416b78b2d5210f3e6ba9916ec3f') in 0.059583 seconds 
========================================================================
Received Import Request.
  Time since last request: 0.000047 seconds.
  path: Assets/Pixel Adventure 1/Palette/Terrain (16x16)_32.asset
  artifactKey: Guid(ab2011ee41d728145953699b88efc7c3) Importer(815301076,1909f56bfc062723c751e8b465ee728b)
Start importing Assets/Pixel Adventure 1/Palette/Terrain (16x16)_32.asset using Guid(ab2011ee41d728145953699b88efc7c3) Importer(815301076,1909f56bfc062723c751e8b465ee728b)  -> (artifact id: 'ad5128c603b457b629003f6a7cea47d9') in 0.046984 seconds 
========================================================================
Received Import Request.
  Time since last request: 0.003496 seconds.
  path: Assets/Pixel Adventure 1/Palette/Terrain (16x16)_29.asset
  artifactKey: Guid(720f7c67a2dff5746ba1013f0f5f27df) Importer(815301076,1909f56bfc062723c751e8b465ee728b)
Start importing Assets/Pixel Adventure 1/Palette/Terrain (16x16)_29.asset using Guid(720f7c67a2dff5746ba1013f0f5f27df) Importer(815301076,1909f56bfc062723c751e8b465ee728b)  -> (artifact id: '4414def2139b3eb4e4e6cfba72870229') in 0.125998 seconds 
========================================================================
Received Import Request.
  Time since last request: 0.000050 seconds.
  path: Assets/Pixel Adventure 1/Palette/Terrain (16x16)_37.asset
  artifactKey: Guid(14837d57998ffe1478482e5d8cfce345) Importer(815301076,1909f56bfc062723c751e8b465ee728b)
Start importing Assets/Pixel Adventure 1/Palette/Terrain (16x16)_37.asset using Guid(14837d57998ffe1478482e5d8cfce345) Importer(815301076,1909f56bfc062723c751e8b465ee728b)  -> (artifact id: '86895df3e19d18d3c2cfaf98c3111142') in 0.046765 seconds 
========================================================================
Received Import Request.
  Time since last request: 0.000051 seconds.
  path: Assets/Pixel Adventure 1/Palette/Terrain (16x16)_24.asset
  artifactKey: Guid(16fafe615c145db4c8d00aaadb932b39) Importer(815301076,1909f56bfc062723c751e8b465ee728b)
Start importing Assets/Pixel Adventure 1/Palette/Terrain (16x16)_24.asset using Guid(16fafe615c145db4c8d00aaadb932b39) Importer(815301076,1909f56bfc062723c751e8b465ee728b)  -> (artifact id: 'd4427454aac4aa9445a4bcaf8d5d7a7a') in 0.066232 seconds 
========================================================================
Received Import Request.
  Time since last request: 0.000038 seconds.
  path: Assets/Pixel Adventure 1/Palette/Terrain (16x16)_36.asset
  artifactKey: Guid(31952c9cc6b08994b947fca2bca4e3d2) Importer(815301076,1909f56bfc062723c751e8b465ee728b)
Start importing Assets/Pixel Adventure 1/Palette/Terrain (16x16)_36.asset using Guid(31952c9cc6b08994b947fca2bca4e3d2) Importer(815301076,1909f56bfc062723c751e8b465ee728b)  -> (artifact id: '9293c6ffd5d8ca8757bfc1b6de3f3f34') in 0.046777 seconds 
========================================================================
Received Import Request.
  Time since last request: 0.000037 seconds.
  path: Assets/Pixel Adventure 1/Palette/Terrain (16x16)_35.asset
  artifactKey: Guid(fc03eec02cff6c24894329ba6fb1a663) Importer(815301076,1909f56bfc062723c751e8b465ee728b)
Start importing Assets/Pixel Adventure 1/Palette/Terrain (16x16)_35.asset using Guid(fc03eec02cff6c24894329ba6fb1a663) Importer(815301076,1909f56bfc062723c751e8b465ee728b)  -> (artifact id: '8cd0f307f4c32ea488a4f7e0e966c445') in 0.058986 seconds 
========================================================================
Received Import Request.
  Time since last request: 0.000038 seconds.
  path: Assets/Pixel Adventure 1/Palette/Terrain (16x16)_33.asset
  artifactKey: Guid(b2f423f3b579f774389d8da64517b97c) Importer(815301076,1909f56bfc062723c751e8b465ee728b)
Start importing Assets/Pixel Adventure 1/Palette/Terrain (16x16)_33.asset using Guid(b2f423f3b579f774389d8da64517b97c) Importer(815301076,1909f56bfc062723c751e8b465ee728b)  -> (artifact id: 'eb047c2223e07dae29baea8f463e22e2') in 0.055320 seconds 
========================================================================
Received Import Request.
  Time since last request: 0.000044 seconds.
  path: Assets/Pixel Adventure 1/Palette/Terrain (16x16)_42.asset
  artifactKey: Guid(ca8841d03533f9044a468459fcbab94b) Importer(815301076,1909f56bfc062723c751e8b465ee728b)
Start importing Assets/Pixel Adventure 1/Palette/Terrain (16x16)_42.asset using Guid(ca8841d03533f9044a468459fcbab94b) Importer(815301076,1909f56bfc062723c751e8b465ee728b)  -> (artifact id: '4b0b910ccfd15867ea898612838ba880') in 0.057029 seconds 
========================================================================
Received Import Request.
  Time since last request: 0.000035 seconds.
  path: Assets/Pixel Adventure 1/Palette/Terrain (16x16)_44.asset
  artifactKey: Guid(1d3155e0deabb9141bb6e2bd12a39150) Importer(815301076,1909f56bfc062723c751e8b465ee728b)
Start importing Assets/Pixel Adventure 1/Palette/Terrain (16x16)_44.asset using Guid(1d3155e0deabb9141bb6e2bd12a39150) Importer(815301076,1909f56bfc062723c751e8b465ee728b)  -> (artifact id: 'e616f482bb62e0a6b4eadd00e0c863a1') in 0.059138 seconds 
========================================================================
Received Import Request.
  Time since last request: 260.237967 seconds.
  path: Assets/Scenes/Mundo1/Nivel2.unity
  artifactKey: Guid(8c7b77271075e8c4799a173f450d956f) Importer(815301076,1909f56bfc062723c751e8b465ee728b)
Start importing Assets/Scenes/Mundo1/Nivel2.unity using Guid(8c7b77271075e8c4799a173f450d956f) Importer(815301076,1909f56bfc062723c751e8b465ee728b)  -> (artifact id: 'dc46ccda35ebfb06b07d8379b7b3bab9') in 0.026013 seconds 
========================================================================
Received Import Request.
  Time since last request: 6.691828 seconds.
  path: Assets/Scenes/Mundo1/Nivel3.unity
  artifactKey: Guid(d256c42e8fcbb6d44a3bb9f1b4395bb8) Importer(815301076,1909f56bfc062723c751e8b465ee728b)
Start importing Assets/Scenes/Mundo1/Nivel3.unity using Guid(d256c42e8fcbb6d44a3bb9f1b4395bb8) Importer(815301076,1909f56bfc062723c751e8b465ee728b)  -> (artifact id: 'cb8f9c794d594960b5523efe02386d79') in 0.014894 seconds 
========================================================================
Received Prepare
Registering precompiled user dll's ...
Registered in 0.017133 seconds.
Begin MonoManager ReloadAssembly
Symbol file LoadedFromMemory doesn't match image D:\Proyecto Juego\JuegoIngles\Library\PackageCache\com.unity.visualscripting@1.7.6\Editor\VisualScripting.Core\Dependencies\YamlDotNet\Unity.VisualScripting.YamlDotNet.dll
Symbol file LoadedFromMemory doesn't match image D:\Proyecto Juego\JuegoIngles\Library\PackageCache\com.unity.visualscripting@1.7.6\Editor\VisualScripting.Core\Dependencies\DotNetZip\Unity.VisualScripting.IonicZip.dll
Native extension for WindowsStandalone target not found
Refreshing native plugins compatible for Editor in 1.29 ms, found 4 plugins.
Preloading 0 native plugins for Editor in 0.00 ms.
Mono: successfully reloaded assembly
- Completed reload, in  4.283 seconds
Domain Reload Profiling:
	ReloadAssembly (4284ms)
		BeginReloadAssembly (1061ms)
			ExecutionOrderSort (0ms)
			DisableScriptedObjects (72ms)
			BackupInstance (0ms)
			ReleaseScriptingObjects (2ms)
			CreateAndSetChildDomain (290ms)
		EndReloadAssembly (2386ms)
			LoadAssemblies (639ms)
			RebuildTransferFunctionScriptingTraits (0ms)
			SetupTypeCache (1015ms)
			ReleaseScriptCaches (5ms)
			RebuildScriptCaches (113ms)
			SetupLoadedEditorAssemblies (908ms)
				LogAssemblyErrors (0ms)
				InitializePlatformSupportModulesInManaged (27ms)
				SetLoadedEditorAssemblies (1ms)
				RefreshPlugins (1ms)
				BeforeProcessingInitializeOnLoad (140ms)
				ProcessInitializeOnLoadAttributes (653ms)
				ProcessInitializeOnLoadMethodAttributes (78ms)
				AfterProcessingInitializeOnLoad (7ms)
				EditorAssembliesLoaded (0ms)
			ExecutionOrderSort2 (0ms)
			AwakeInstancesAfterBackupRestoration (18ms)
Platform modules already initialized, skipping
Refreshing native plugins compatible for Editor in 3.25 ms, found 4 plugins.
Preloading 0 native plugins for Editor in 0.00 ms.
Unloading 3946 Unused Serialized files (Serialized files now loaded: 0)
Unloading 32 unused Assets / (192.9 KB). Loaded Objects now: 4419.
Memory consumption went from 149.6 MB to 149.4 MB.
Total: 6.157900 ms (FindLiveObjects: 0.384500 ms CreateObjectMapping: 0.398400 ms MarkObjects: 5.184700 ms  DeleteObjects: 0.188700 ms)

AssetImportParameters requested are different than current active one (requested -> active):
  custom:video-decoder-ogg-theora: a1e56fd34408186e4bbccfd4996cb3dc -> 
  custom:container-muxer-webm: aa71ff27fc2769a1b78a27578f13a17b -> 
  custom:container-demuxer-webm: 4f35f7cbe854078d1ac9338744f61a02 -> 
  custom:video-encoder-webm-vp8: eb34c28f22e8b96e1ab97ce403110664 -> 
  custom:audio-encoder-webm-vorbis: bf7c407c2cedff20999df2af8eb42d56 -> 
  custom:framework-win-MediaFoundation: 216162199b28c13a410421893ffa2e32 -> 
  custom:container-demuxer-ogg: 62fdf1f143b41e24485cea50d1cbac27 -> 
  custom:video-decoder-webm-vp8: 9c59270c3fd7afecdb556c50c9e8de78 -> 
  custom:audio-decoder-ogg-vorbis: bf7c407c2cedff20999df2af8eb42d56 -> 
========================================================================
Received Prepare
Registering precompiled user dll's ...
Registered in 0.017087 seconds.
Begin MonoManager ReloadAssembly
Symbol file LoadedFromMemory doesn't match image D:\Proyecto Juego\JuegoIngles\Library\PackageCache\com.unity.visualscripting@1.7.6\Editor\VisualScripting.Core\Dependencies\YamlDotNet\Unity.VisualScripting.YamlDotNet.dll
Symbol file LoadedFromMemory doesn't match image D:\Proyecto Juego\JuegoIngles\Library\PackageCache\com.unity.visualscripting@1.7.6\Editor\VisualScripting.Core\Dependencies\DotNetZip\Unity.VisualScripting.IonicZip.dll
Native extension for WindowsStandalone target not found
Refreshing native plugins compatible for Editor in 2.91 ms, found 4 plugins.
Preloading 0 native plugins for Editor in 0.00 ms.
Mono: successfully reloaded assembly
- Completed reload, in  7.576 seconds
Domain Reload Profiling:
	ReloadAssembly (7583ms)
		BeginReloadAssembly (691ms)
			ExecutionOrderSort (0ms)
			DisableScriptedObjects (65ms)
			BackupInstance (0ms)
			ReleaseScriptingObjects (0ms)
			CreateAndSetChildDomain (220ms)
		EndReloadAssembly (6226ms)
			LoadAssemblies (456ms)
			RebuildTransferFunctionScriptingTraits (0ms)
			SetupTypeCache (1822ms)
			ReleaseScriptCaches (10ms)
			RebuildScriptCaches (327ms)
			SetupLoadedEditorAssemblies (3228ms)
				LogAssemblyErrors (0ms)
				InitializePlatformSupportModulesInManaged (89ms)
				SetLoadedEditorAssemblies (1ms)
				RefreshPlugins (3ms)
				BeforeProcessingInitializeOnLoad (677ms)
				ProcessInitializeOnLoadAttributes (2087ms)
				ProcessInitializeOnLoadMethodAttributes (355ms)
				AfterProcessingInitializeOnLoad (15ms)
				EditorAssembliesLoaded (0ms)
			ExecutionOrderSort2 (0ms)
			AwakeInstancesAfterBackupRestoration (77ms)
Platform modules already initialized, skipping
Refreshing native plugins compatible for Editor in 8.96 ms, found 4 plugins.
Preloading 0 native plugins for Editor in 0.00 ms.
Unloading 3946 Unused Serialized files (Serialized files now loaded: 0)
Unloading 32 unused Assets / (193.0 KB). Loaded Objects now: 4421.
Memory consumption went from 149.6 MB to 149.4 MB.
Total: 11.007900 ms (FindLiveObjects: 0.566000 ms CreateObjectMapping: 0.996500 ms MarkObjects: 9.254200 ms  DeleteObjects: 0.186900 ms)

AssetImportParameters requested are different than current active one (requested -> active):
  custom:video-decoder-ogg-theora: a1e56fd34408186e4bbccfd4996cb3dc -> 
  custom:container-muxer-webm: aa71ff27fc2769a1b78a27578f13a17b -> 
  custom:container-demuxer-webm: 4f35f7cbe854078d1ac9338744f61a02 -> 
  custom:video-encoder-webm-vp8: eb34c28f22e8b96e1ab97ce403110664 -> 
  custom:audio-encoder-webm-vorbis: bf7c407c2cedff20999df2af8eb42d56 -> 
  custom:framework-win-MediaFoundation: 216162199b28c13a410421893ffa2e32 -> 
  custom:container-demuxer-ogg: 62fdf1f143b41e24485cea50d1cbac27 -> 
  custom:video-decoder-webm-vp8: 9c59270c3fd7afecdb556c50c9e8de78 -> 
  custom:audio-decoder-ogg-vorbis: bf7c407c2cedff20999df2af8eb42d56 -> 
========================================================================
Received Prepare
Registering precompiled user dll's ...
Registered in 0.017888 seconds.
Begin MonoManager ReloadAssembly
Symbol file LoadedFromMemory doesn't match image D:\Proyecto Juego\JuegoIngles\Library\PackageCache\com.unity.visualscripting@1.7.6\Editor\VisualScripting.Core\Dependencies\YamlDotNet\Unity.VisualScripting.YamlDotNet.dll
Symbol file LoadedFromMemory doesn't match image D:\Proyecto Juego\JuegoIngles\Library\PackageCache\com.unity.visualscripting@1.7.6\Editor\VisualScripting.Core\Dependencies\DotNetZip\Unity.VisualScripting.IonicZip.dll
Native extension for WindowsStandalone target not found
Refreshing native plugins compatible for Editor in 2.45 ms, found 4 plugins.
Preloading 0 native plugins for Editor in 0.00 ms.
Mono: successfully reloaded assembly
- Completed reload, in 16.694 seconds
Domain Reload Profiling:
	ReloadAssembly (16699ms)
		BeginReloadAssembly (1899ms)
			ExecutionOrderSort (0ms)
			DisableScriptedObjects (62ms)
			BackupInstance (0ms)
			ReleaseScriptingObjects (5ms)
			CreateAndSetChildDomain (444ms)
		EndReloadAssembly (13537ms)
			LoadAssemblies (1711ms)
			RebuildTransferFunctionScriptingTraits (0ms)
			SetupTypeCache (3929ms)
			ReleaseScriptCaches (11ms)
			RebuildScriptCaches (443ms)
			SetupLoadedEditorAssemblies (7734ms)
				LogAssemblyErrors (0ms)
				InitializePlatformSupportModulesInManaged (109ms)
				SetLoadedEditorAssemblies (22ms)
				RefreshPlugins (3ms)
				BeforeProcessingInitializeOnLoad (596ms)
				ProcessInitializeOnLoadAttributes (6651ms)
				ProcessInitializeOnLoadMethodAttributes (325ms)
				AfterProcessingInitializeOnLoad (28ms)
				EditorAssembliesLoaded (0ms)
			ExecutionOrderSort2 (0ms)
			AwakeInstancesAfterBackupRestoration (72ms)
Platform modules already initialized, skipping
Refreshing native plugins compatible for Editor in 2.11 ms, found 4 plugins.
Preloading 0 native plugins for Editor in 0.00 ms.
Unloading 3946 Unused Serialized files (Serialized files now loaded: 0)
Unloading 32 unused Assets / (193.1 KB). Loaded Objects now: 4423.
Memory consumption went from 149.6 MB to 149.4 MB.
Total: 28.853100 ms (FindLiveObjects: 1.180300 ms CreateObjectMapping: 1.589300 ms MarkObjects: 25.831500 ms  DeleteObjects: 0.250100 ms)

AssetImportParameters requested are different than current active one (requested -> active):
  custom:video-decoder-ogg-theora: a1e56fd34408186e4bbccfd4996cb3dc -> 
  custom:container-muxer-webm: aa71ff27fc2769a1b78a27578f13a17b -> 
  custom:container-demuxer-webm: 4f35f7cbe854078d1ac9338744f61a02 -> 
  custom:video-encoder-webm-vp8: eb34c28f22e8b96e1ab97ce403110664 -> 
  custom:audio-encoder-webm-vorbis: bf7c407c2cedff20999df2af8eb42d56 -> 
  custom:framework-win-MediaFoundation: 216162199b28c13a410421893ffa2e32 -> 
  custom:container-demuxer-ogg: 62fdf1f143b41e24485cea50d1cbac27 -> 
  custom:video-decoder-webm-vp8: 9c59270c3fd7afecdb556c50c9e8de78 -> 
  custom:audio-decoder-ogg-vorbis: bf7c407c2cedff20999df2af8eb42d56 -> 
========================================================================
Received Import Request.
  Time since last request: 351.596700 seconds.
  path: Assets/Scenes/Mundo1/Nivel3.unity
  artifactKey: Guid(d256c42e8fcbb6d44a3bb9f1b4395bb8) Importer(815301076,1909f56bfc062723c751e8b465ee728b)
Start importing Assets/Scenes/Mundo1/Nivel3.unity using Guid(d256c42e8fcbb6d44a3bb9f1b4395bb8) Importer(815301076,1909f56bfc062723c751e8b465ee728b)  -> (artifact id: 'c419ebf2fc1e69fe64576b0a18694104') in 0.042795 seconds 
========================================================================
Received Prepare
Registering precompiled user dll's ...
Registered in 0.020956 seconds.
Begin MonoManager ReloadAssembly
Symbol file LoadedFromMemory doesn't match image D:\Proyecto Juego\JuegoIngles\Library\PackageCache\com.unity.visualscripting@1.7.6\Editor\VisualScripting.Core\Dependencies\YamlDotNet\Unity.VisualScripting.YamlDotNet.dll
Symbol file LoadedFromMemory doesn't match image D:\Proyecto Juego\JuegoIngles\Library\PackageCache\com.unity.visualscripting@1.7.6\Editor\VisualScripting.Core\Dependencies\DotNetZip\Unity.VisualScripting.IonicZip.dll
Native extension for WindowsStandalone target not found
Refreshing native plugins compatible for Editor in 6.24 ms, found 4 plugins.
Preloading 0 native plugins for Editor in 0.00 ms.
Mono: successfully reloaded assembly
- Completed reload, in  6.962 seconds
Domain Reload Profiling:
	ReloadAssembly (6964ms)
		BeginReloadAssembly (769ms)
			ExecutionOrderSort (0ms)
			DisableScriptedObjects (57ms)
			BackupInstance (0ms)
			ReleaseScriptingObjects (0ms)
			CreateAndSetChildDomain (221ms)
		EndReloadAssembly (5484ms)
			LoadAssemblies (489ms)
			RebuildTransferFunctionScriptingTraits (1ms)
			SetupTypeCache (1566ms)
			ReleaseScriptCaches (7ms)
			RebuildScriptCaches (315ms)
			SetupLoadedEditorAssemblies (2637ms)
				LogAssemblyErrors (0ms)
				InitializePlatformSupportModulesInManaged (75ms)
				SetLoadedEditorAssemblies (2ms)
				RefreshPlugins (8ms)
				BeforeProcessingInitializeOnLoad (436ms)
				ProcessInitializeOnLoadAttributes (1951ms)
				ProcessInitializeOnLoadMethodAttributes (154ms)
				AfterProcessingInitializeOnLoad (11ms)
				EditorAssembliesLoaded (0ms)
			ExecutionOrderSort2 (0ms)
			AwakeInstancesAfterBackupRestoration (33ms)
Platform modules already initialized, skipping
Refreshing native plugins compatible for Editor in 2.38 ms, found 4 plugins.
Preloading 0 native plugins for Editor in 0.00 ms.
Unloading 3946 Unused Serialized files (Serialized files now loaded: 0)
Unloading 32 unused Assets / (193.9 KB). Loaded Objects now: 4425.
Memory consumption went from 149.6 MB to 149.4 MB.
Total: 8.746700 ms (FindLiveObjects: 0.443600 ms CreateObjectMapping: 0.907300 ms MarkObjects: 7.147000 ms  DeleteObjects: 0.246500 ms)

AssetImportParameters requested are different than current active one (requested -> active):
  custom:video-decoder-ogg-theora: a1e56fd34408186e4bbccfd4996cb3dc -> 
  custom:container-muxer-webm: aa71ff27fc2769a1b78a27578f13a17b -> 
  custom:container-demuxer-webm: 4f35f7cbe854078d1ac9338744f61a02 -> 
  custom:video-encoder-webm-vp8: eb34c28f22e8b96e1ab97ce403110664 -> 
  custom:audio-encoder-webm-vorbis: bf7c407c2cedff20999df2af8eb42d56 -> 
  custom:framework-win-MediaFoundation: 216162199b28c13a410421893ffa2e32 -> 
  custom:container-demuxer-ogg: 62fdf1f143b41e24485cea50d1cbac27 -> 
  custom:video-decoder-webm-vp8: 9c59270c3fd7afecdb556c50c9e8de78 -> 
  custom:audio-decoder-ogg-vorbis: bf7c407c2cedff20999df2af8eb42d56 -> 
========================================================================
Received Prepare
Registering precompiled user dll's ...
Registered in 0.012677 seconds.
Begin MonoManager ReloadAssembly
Symbol file LoadedFromMemory doesn't match image D:\Proyecto Juego\JuegoIngles\Library\PackageCache\com.unity.visualscripting@1.7.6\Editor\VisualScripting.Core\Dependencies\YamlDotNet\Unity.VisualScripting.YamlDotNet.dll
Symbol file LoadedFromMemory doesn't match image D:\Proyecto Juego\JuegoIngles\Library\PackageCache\com.unity.visualscripting@1.7.6\Editor\VisualScripting.Core\Dependencies\DotNetZip\Unity.VisualScripting.IonicZip.dll
Native extension for WindowsStandalone target not found
Refreshing native plugins compatible for Editor in 4.33 ms, found 4 plugins.
Preloading 0 native plugins for Editor in 0.00 ms.
Mono: successfully reloaded assembly
- Completed reload, in  5.027 seconds
Domain Reload Profiling:
	ReloadAssembly (5047ms)
		BeginReloadAssembly (1012ms)
			ExecutionOrderSort (0ms)
			DisableScriptedObjects (69ms)
			BackupInstance (0ms)
			ReleaseScriptingObjects (0ms)
			CreateAndSetChildDomain (334ms)
		EndReloadAssembly (3398ms)
			LoadAssemblies (661ms)
			RebuildTransferFunctionScriptingTraits (0ms)
			SetupTypeCache (1275ms)
			ReleaseScriptCaches (3ms)
			RebuildScriptCaches (221ms)
			SetupLoadedEditorAssemblies (1354ms)
				LogAssemblyErrors (0ms)
				InitializePlatformSupportModulesInManaged (35ms)
				SetLoadedEditorAssemblies (2ms)
				RefreshPlugins (5ms)
				BeforeProcessingInitializeOnLoad (212ms)
				ProcessInitializeOnLoadAttributes (1011ms)
				ProcessInitializeOnLoadMethodAttributes (85ms)
				AfterProcessingInitializeOnLoad (5ms)
				EditorAssembliesLoaded (0ms)
			ExecutionOrderSort2 (0ms)
			AwakeInstancesAfterBackupRestoration (20ms)
Platform modules already initialized, skipping
Refreshing native plugins compatible for Editor in 2.20 ms, found 4 plugins.
Preloading 0 native plugins for Editor in 0.00 ms.
Unloading 3946 Unused Serialized files (Serialized files now loaded: 0)
Unloading 32 unused Assets / (193.0 KB). Loaded Objects now: 4427.
Memory consumption went from 149.6 MB to 149.4 MB.
Total: 5.921000 ms (FindLiveObjects: 0.390200 ms CreateObjectMapping: 0.569300 ms MarkObjects: 4.757600 ms  DeleteObjects: 0.202300 ms)

AssetImportParameters requested are different than current active one (requested -> active):
  custom:video-decoder-ogg-theora: a1e56fd34408186e4bbccfd4996cb3dc -> 
  custom:container-muxer-webm: aa71ff27fc2769a1b78a27578f13a17b -> 
  custom:container-demuxer-webm: 4f35f7cbe854078d1ac9338744f61a02 -> 
  custom:video-encoder-webm-vp8: eb34c28f22e8b96e1ab97ce403110664 -> 
  custom:audio-encoder-webm-vorbis: bf7c407c2cedff20999df2af8eb42d56 -> 
  custom:framework-win-MediaFoundation: 216162199b28c13a410421893ffa2e32 -> 
  custom:container-demuxer-ogg: 62fdf1f143b41e24485cea50d1cbac27 -> 
  custom:video-decoder-webm-vp8: 9c59270c3fd7afecdb556c50c9e8de78 -> 
  custom:audio-decoder-ogg-vorbis: bf7c407c2cedff20999df2af8eb42d56 -> 
========================================================================
Received Import Request.
  Time since last request: 239.090772 seconds.
  path: Assets/Scenes/Mundo1/Nivel3.unity
  artifactKey: Guid(d256c42e8fcbb6d44a3bb9f1b4395bb8) Importer(815301076,1909f56bfc062723c751e8b465ee728b)
Start importing Assets/Scenes/Mundo1/Nivel3.unity using Guid(d256c42e8fcbb6d44a3bb9f1b4395bb8) Importer(815301076,1909f56bfc062723c751e8b465ee728b)  -> (artifact id: '1fd583c146751d0fa9c30941152ee7a7') in 0.040544 seconds 
========================================================================
Received Prepare
Registering precompiled user dll's ...
Registered in 0.017483 seconds.
Begin MonoManager ReloadAssembly
Symbol file LoadedFromMemory doesn't match image D:\Proyecto Juego\JuegoIngles\Library\PackageCache\com.unity.visualscripting@1.7.6\Editor\VisualScripting.Core\Dependencies\YamlDotNet\Unity.VisualScripting.YamlDotNet.dll
Symbol file LoadedFromMemory doesn't match image D:\Proyecto Juego\JuegoIngles\Library\PackageCache\com.unity.visualscripting@1.7.6\Editor\VisualScripting.Core\Dependencies\DotNetZip\Unity.VisualScripting.IonicZip.dll
Native extension for WindowsStandalone target not found
Refreshing native plugins compatible for Editor in 3.04 ms, found 4 plugins.
Preloading 0 native plugins for Editor in 0.00 ms.
Mono: successfully reloaded assembly
- Completed reload, in  9.416 seconds
Domain Reload Profiling:
	ReloadAssembly (9422ms)
		BeginReloadAssembly (1172ms)
			ExecutionOrderSort (0ms)
			DisableScriptedObjects (92ms)
			BackupInstance (0ms)
			ReleaseScriptingObjects (0ms)
			CreateAndSetChildDomain (304ms)
		EndReloadAssembly (7510ms)
			LoadAssemblies (733ms)
			RebuildTransferFunctionScriptingTraits (4ms)
			SetupTypeCache (2119ms)
			ReleaseScriptCaches (5ms)
			RebuildScriptCaches (471ms)
			SetupLoadedEditorAssemblies (3857ms)
				LogAssemblyErrors (0ms)
				InitializePlatformSupportModulesInManaged (106ms)
				SetLoadedEditorAssemblies (10ms)
				RefreshPlugins (3ms)
				BeforeProcessingInitializeOnLoad (471ms)
				ProcessInitializeOnLoadAttributes (2768ms)
				ProcessInitializeOnLoadMethodAttributes (469ms)
				AfterProcessingInitializeOnLoad (29ms)
				EditorAssembliesLoaded (1ms)
			ExecutionOrderSort2 (0ms)
			AwakeInstancesAfterBackupRestoration (127ms)
Platform modules already initialized, skipping
Refreshing native plugins compatible for Editor in 5.24 ms, found 4 plugins.
Preloading 0 native plugins for Editor in 0.00 ms.
Unloading 3946 Unused Serialized files (Serialized files now loaded: 0)
Unloading 32 unused Assets / (193.1 KB). Loaded Objects now: 4429.
Memory consumption went from 149.6 MB to 149.5 MB.
Total: 17.016900 ms (FindLiveObjects: 0.522400 ms CreateObjectMapping: 2.718700 ms MarkObjects: 13.530400 ms  DeleteObjects: 0.243100 ms)

AssetImportParameters requested are different than current active one (requested -> active):
  custom:video-decoder-ogg-theora: a1e56fd34408186e4bbccfd4996cb3dc -> 
  custom:container-muxer-webm: aa71ff27fc2769a1b78a27578f13a17b -> 
  custom:container-demuxer-webm: 4f35f7cbe854078d1ac9338744f61a02 -> 
  custom:video-encoder-webm-vp8: eb34c28f22e8b96e1ab97ce403110664 -> 
  custom:audio-encoder-webm-vorbis: bf7c407c2cedff20999df2af8eb42d56 -> 
  custom:framework-win-MediaFoundation: 216162199b28c13a410421893ffa2e32 -> 
  custom:container-demuxer-ogg: 62fdf1f143b41e24485cea50d1cbac27 -> 
  custom:video-decoder-webm-vp8: 9c59270c3fd7afecdb556c50c9e8de78 -> 
  custom:audio-decoder-ogg-vorbis: bf7c407c2cedff20999df2af8eb42d56 -> 
========================================================================
Received Prepare
Registering precompiled user dll's ...
Registered in 0.015863 seconds.
Begin MonoManager ReloadAssembly
Symbol file LoadedFromMemory doesn't match image D:\Proyecto Juego\JuegoIngles\Library\PackageCache\com.unity.visualscripting@1.7.6\Editor\VisualScripting.Core\Dependencies\YamlDotNet\Unity.VisualScripting.YamlDotNet.dll
Symbol file LoadedFromMemory doesn't match image D:\Proyecto Juego\JuegoIngles\Library\PackageCache\com.unity.visualscripting@1.7.6\Editor\VisualScripting.Core\Dependencies\DotNetZip\Unity.VisualScripting.IonicZip.dll
Native extension for WindowsStandalone target not found
Refreshing native plugins compatible for Editor in 1.78 ms, found 4 plugins.
Preloading 0 native plugins for Editor in 0.00 ms.
Mono: successfully reloaded assembly
- Completed reload, in  6.786 seconds
Domain Reload Profiling:
	ReloadAssembly (6794ms)
		BeginReloadAssembly (1295ms)
			ExecutionOrderSort (0ms)
			DisableScriptedObjects (104ms)
			BackupInstance (0ms)
			ReleaseScriptingObjects (0ms)
			CreateAndSetChildDomain (320ms)
		EndReloadAssembly (4546ms)
			LoadAssemblies (885ms)
			RebuildTransferFunctionScriptingTraits (0ms)
			SetupTypeCache (2422ms)
			ReleaseScriptCaches (9ms)
			RebuildScriptCaches (319ms)
			SetupLoadedEditorAssemblies (1221ms)
				LogAssemblyErrors (0ms)
				InitializePlatformSupportModulesInManaged (50ms)
				SetLoadedEditorAssemblies (1ms)
				RefreshPlugins (2ms)
				BeforeProcessingInitializeOnLoad (290ms)
				ProcessInitializeOnLoadAttributes (805ms)
				ProcessInitializeOnLoadMethodAttributes (66ms)
				AfterProcessingInitializeOnLoad (6ms)
				EditorAssembliesLoaded (0ms)
			ExecutionOrderSort2 (0ms)
			AwakeInstancesAfterBackupRestoration (16ms)
Platform modules already initialized, skipping
Refreshing native plugins compatible for Editor in 3.80 ms, found 4 plugins.
Preloading 0 native plugins for Editor in 0.00 ms.
Unloading 3946 Unused Serialized files (Serialized files now loaded: 0)
Unloading 32 unused Assets / (192.9 KB). Loaded Objects now: 4431.
Memory consumption went from 149.7 MB to 149.5 MB.
Total: 6.214600 ms (FindLiveObjects: 0.783200 ms CreateObjectMapping: 0.596300 ms MarkObjects: 4.591900 ms  DeleteObjects: 0.241300 ms)

AssetImportParameters requested are different than current active one (requested -> active):
  custom:video-decoder-ogg-theora: a1e56fd34408186e4bbccfd4996cb3dc -> 
  custom:container-muxer-webm: aa71ff27fc2769a1b78a27578f13a17b -> 
  custom:container-demuxer-webm: 4f35f7cbe854078d1ac9338744f61a02 -> 
  custom:video-encoder-webm-vp8: eb34c28f22e8b96e1ab97ce403110664 -> 
  custom:audio-encoder-webm-vorbis: bf7c407c2cedff20999df2af8eb42d56 -> 
  custom:framework-win-MediaFoundation: 216162199b28c13a410421893ffa2e32 -> 
  custom:container-demuxer-ogg: 62fdf1f143b41e24485cea50d1cbac27 -> 
  custom:video-decoder-webm-vp8: 9c59270c3fd7afecdb556c50c9e8de78 -> 
  custom:audio-decoder-ogg-vorbis: bf7c407c2cedff20999df2af8eb42d56 -> 
========================================================================
Received Import Request.
  Time since last request: 140.014998 seconds.
  path: Assets/Medieval_pixel_art_asset_FREE/palettes
  artifactKey: Guid(b77922e1d5d31154ca6068d40f1dc7e0) Importer(815301076,1909f56bfc062723c751e8b465ee728b)
Start importing Assets/Medieval_pixel_art_asset_FREE/palettes using Guid(b77922e1d5d31154ca6068d40f1dc7e0) Importer(815301076,1909f56bfc062723c751e8b465ee728b)  -> (artifact id: '11b71fad422064f1b23e2c6c22539c4d') in 0.029929 seconds 
========================================================================
Received Import Request.
  Time since last request: 149.442520 seconds.
  path: Assets/Medieval_pixel_art_asset_FREE/Prefabs/Props_free/Medieval_props_free_1.prefab
  artifactKey: Guid(5808ca7cfa9bad240b1c2c52003f4817) Importer(815301076,1909f56bfc062723c751e8b465ee728b)
Start importing Assets/Medieval_pixel_art_asset_FREE/Prefabs/Props_free/Medieval_props_free_1.prefab using Guid(5808ca7cfa9bad240b1c2c52003f4817) Importer(815301076,1909f56bfc062723c751e8b465ee728b)  -> (artifact id: '34d6f1e0ac4bc63e8e94f418ee3966ee') in 0.258351 seconds 
========================================================================
Received Prepare
Registering precompiled user dll's ...
Registered in 0.017011 seconds.
Begin MonoManager ReloadAssembly
Symbol file LoadedFromMemory doesn't match image D:\Proyecto Juego\JuegoIngles\Library\PackageCache\com.unity.visualscripting@1.7.6\Editor\VisualScripting.Core\Dependencies\YamlDotNet\Unity.VisualScripting.YamlDotNet.dll
Symbol file LoadedFromMemory doesn't match image D:\Proyecto Juego\JuegoIngles\Library\PackageCache\com.unity.visualscripting@1.7.6\Editor\VisualScripting.Core\Dependencies\DotNetZip\Unity.VisualScripting.IonicZip.dll
Native extension for WindowsStandalone target not found
Refreshing native plugins compatible for Editor in 4.16 ms, found 4 plugins.
Preloading 0 native plugins for Editor in 0.00 ms.
Mono: successfully reloaded assembly
- Completed reload, in  9.848 seconds
Domain Reload Profiling:
	ReloadAssembly (9851ms)
		BeginReloadAssembly (923ms)
			ExecutionOrderSort (0ms)
			DisableScriptedObjects (75ms)
			BackupInstance (0ms)
			ReleaseScriptingObjects (0ms)
			CreateAndSetChildDomain (210ms)
		EndReloadAssembly (7900ms)
			LoadAssemblies (693ms)
			RebuildTransferFunctionScriptingTraits (0ms)
			SetupTypeCache (2191ms)
			ReleaseScriptCaches (8ms)
			RebuildScriptCaches (467ms)
			SetupLoadedEditorAssemblies (4166ms)
				LogAssemblyErrors (0ms)
				InitializePlatformSupportModulesInManaged (94ms)
				SetLoadedEditorAssemblies (5ms)
				RefreshPlugins (5ms)
				BeforeProcessingInitializeOnLoad (687ms)
				ProcessInitializeOnLoadAttributes (3039ms)
				ProcessInitializeOnLoadMethodAttributes (303ms)
				AfterProcessingInitializeOnLoad (32ms)
				EditorAssembliesLoaded (1ms)
			ExecutionOrderSort2 (0ms)
			AwakeInstancesAfterBackupRestoration (79ms)
Platform modules already initialized, skipping
Refreshing native plugins compatible for Editor in 8.91 ms, found 4 plugins.
Preloading 0 native plugins for Editor in 0.00 ms.
Unloading 3946 Unused Serialized files (Serialized files now loaded: 0)
Unloading 32 unused Assets / (193.0 KB). Loaded Objects now: 4439.
Memory consumption went from 154.0 MB to 153.8 MB.
Total: 29.761200 ms (FindLiveObjects: 0.808500 ms CreateObjectMapping: 1.851800 ms MarkObjects: 26.778300 ms  DeleteObjects: 0.320800 ms)

AssetImportParameters requested are different than current active one (requested -> active):
  custom:video-decoder-ogg-theora: a1e56fd34408186e4bbccfd4996cb3dc -> 
  custom:container-muxer-webm: aa71ff27fc2769a1b78a27578f13a17b -> 
  custom:container-demuxer-webm: 4f35f7cbe854078d1ac9338744f61a02 -> 
  custom:video-encoder-webm-vp8: eb34c28f22e8b96e1ab97ce403110664 -> 
  custom:audio-encoder-webm-vorbis: bf7c407c2cedff20999df2af8eb42d56 -> 
  custom:framework-win-MediaFoundation: 216162199b28c13a410421893ffa2e32 -> 
  custom:container-demuxer-ogg: 62fdf1f143b41e24485cea50d1cbac27 -> 
  custom:video-decoder-webm-vp8: 9c59270c3fd7afecdb556c50c9e8de78 -> 
  custom:audio-decoder-ogg-vorbis: bf7c407c2cedff20999df2af8eb42d56 -> 
